<?xml version='1.0' encoding='UTF-8'?>
<testsuite hostname="WS36-043" name="cashpaymentservice.filepaymentingress.FilePaymentsIngressSpec" tests="1" errors="0" failures="1" skipped="0" time="0.184" timestamp="2020-11-02T11:28:08">
                     <properties>
[...]
</properties>
                     <testcase classname="cashpaymentservice.filepaymentingress.FilePaymentsIngressSpec" name="A FilePaymentsIngress should Takes strings from file" time="0.184">
                                                 <failure message="com.typesafe.config.ConfigException$Missing: empty config: No configuration setting found for key 'filename'" type="sbt.ForkMain$ForkError">sbt.ForkMain$ForkError: com.typesafe.config.ConfigException$Missing: empty config: No configuration setting found for key 'filename'
	at com.typesafe.config.impl.SimpleConfig.findKeyOrNull(SimpleConfig.java:156)
	at com.typesafe.config.impl.SimpleConfig.findOrNull(SimpleConfig.java:174)
	at com.typesafe.config.impl.SimpleConfig.find(SimpleConfig.java:188)
	at com.typesafe.config.impl.SimpleConfig.find(SimpleConfig.java:193)
	at com.typesafe.config.impl.SimpleConfig.getString(SimpleConfig.java:250)
	at cloudflow.streamlets.StringConfigParameter.value(ConfigParameters.scala:156)
	at cashpaymentservice.filepaymentingress.FilePaymentsIngress$$anon$1.runnableGraph(FilePaymentsIngress.scala:31)
	at cloudflow.akkastream.scaladsl.RunnableGraphStreamletLogic.run(RunnableGraphStreamletLogic.scala:34)
	at cloudflow.akkastream.AkkaStreamlet.run(AkkaStreamlet.scala:106)
	at cloudflow.akkastream.AkkaStreamlet.run(AkkaStreamlet.scala:38)
	at cloudflow.streamlets.Streamlet.run(Streamlet.scala:106)
	at cloudflow.akkastream.testkit.BaseAkkaStreamletTestKit.doRun(BaseAkkaStreamletTestKit.scala:124)
	at cloudflow.akkastream.testkit.BaseAkkaStreamletTestKit.run(BaseAkkaStreamletTestKit.scala:84)
	at cashpaymentservice.filepaymentingress.FilePaymentsIngressSpec.$anonfun$new$2(FilePaymentsIngressSpec.scala:29)
	at scala.runtime.java8.JFunction0$mcV$sp.apply(JFunction0$mcV$sp.java:23)
	at org.scalatest.OutcomeOf.outcomeOf(OutcomeOf.scala:85)
	at org.scalatest.OutcomeOf.outcomeOf$(OutcomeOf.scala:83)
	at org.scalatest.OutcomeOf$.outcomeOf(OutcomeOf.scala:104)
	at org.scalatest.Transformer.apply(Transformer.scala:22)
	at org.scalatest.Transformer.apply(Transformer.scala:20)
	at org.scalatest.WordSpecLike$$anon$3.apply(WordSpecLike.scala:1075)
	at org.scalatest.TestSuite.withFixture(TestSuite.scala:196)
	at org.scalatest.TestSuite.withFixture$(TestSuite.scala:195)
	at org.scalatest.WordSpec.withFixture(WordSpec.scala:1881)
	at org.scalatest.WordSpecLike.invokeWithFixture$1(WordSpecLike.scala:1073)
	at org.scalatest.WordSpecLike.$anonfun$runTest$1(WordSpecLike.scala:1085)
	at org.scalatest.SuperEngine.runTestImpl(Engine.scala:286)
	at org.scalatest.WordSpecLike.runTest(WordSpecLike.scala:1085)
	at org.scalatest.WordSpecLike.runTest$(WordSpecLike.scala:1067)
	at org.scalatest.WordSpec.runTest(WordSpec.scala:1881)
	at org.scalatest.WordSpecLike.$anonfun$runTests$1(WordSpecLike.scala:1144)
	at org.scalatest.SuperEngine.$anonfun$runTestsInBranch$1(Engine.scala:393)
	at scala.collection.immutable.List.foreach(List.scala:392)
	at org.scalatest.SuperEngine.traverseSubNodes$1(Engine.scala:381)
	at org.scalatest.SuperEngine.runTestsInBranch(Engine.scala:370)
	at org.scalatest.SuperEngine.$anonfun$runTestsInBranch$1(Engine.scala:407)
	at scala.collection.immutable.List.foreach(List.scala:392)
	at org.scalatest.SuperEngine.traverseSubNodes$1(Engine.scala:381)
	at org.scalatest.SuperEngine.runTestsInBranch(Engine.scala:376)
	at org.scalatest.SuperEngine.runTestsImpl(Engine.scala:458)
	at org.scalatest.WordSpecLike.runTests(WordSpecLike.scala:1144)
	at org.scalatest.WordSpecLike.runTests$(WordSpecLike.scala:1143)
	at org.scalatest.WordSpec.runTests(WordSpec.scala:1881)
	at org.scalatest.Suite.run(Suite.scala:1124)
	at org.scalatest.Suite.run$(Suite.scala:1106)
	at org.scalatest.WordSpec.org$scalatest$WordSpecLike$$super$run(WordSpec.scala:1881)
	at org.scalatest.WordSpecLike.$anonfun$run$1(WordSpecLike.scala:1189)
	at org.scalatest.SuperEngine.runImpl(Engine.scala:518)
	at org.scalatest.WordSpecLike.run(WordSpecLike.scala:1189)
	at org.scalatest.WordSpecLike.run$(WordSpecLike.scala:1187)
	at cashpaymentservice.filepaymentingress.FilePaymentsIngressSpec.org$scalatest$BeforeAndAfterAll$$super$run(FilePaymentsIngressSpec.scala:11)
	at org.scalatest.BeforeAndAfterAll.liftedTree1$1(BeforeAndAfterAll.scala:213)
	at org.scalatest.BeforeAndAfterAll.run(BeforeAndAfterAll.scala:210)
	at org.scalatest.BeforeAndAfterAll.run$(BeforeAndAfterAll.scala:208)
	at cashpaymentservice.filepaymentingress.FilePaymentsIngressSpec.run(FilePaymentsIngressSpec.scala:11)
	at org.scalatest.tools.Framework.org$scalatest$tools$Framework$$runSuite(Framework.scala:317)
	at org.scalatest.tools.Framework$ScalaTestTask.execute(Framework.scala:510)
	at sbt.ForkMain$Run.lambda$runTest$1(ForkMain.java:304)
	at java.base/java.util.concurrent.FutureTask.run(FutureTask.java:264)
	at java.base/java.util.concurrent.ThreadPoolExecutor.runWorker(ThreadPoolExecutor.java:1128)
	at java.base/java.util.concurrent.ThreadPoolExecutor$Worker.run(ThreadPoolExecutor.java:628)
	at java.base/java.lang.Thread.run(Thread.java:834)
</failure>
                                               </testcase>
                     <system-out><![CDATA[]]></system-out>
                     <system-err><![CDATA[]]></system-err>
                   </testsuite>